TN:
SF:app.js
FNF:0
FNH:0
DA:1,5
DA:2,5
DA:5,5
DA:7,5
DA:8,5
DA:9,5
DA:10,5
DA:11,5
DA:12,5
DA:13,5
DA:14,5
DA:15,5
DA:17,5
DA:18,5
DA:22,5
DA:23,5
DA:24,5
DA:26,5
DA:27,5
DA:28,5
DA:31,5
DA:32,5
DA:33,5
DA:34,5
DA:36,5
DA:37,5
DA:38,5
DA:42,5
DA:43,5
DA:44,5
DA:45,5
DA:46,5
DA:49,5
DA:50,5
DA:51,5
DA:52,5
DA:53,5
DA:55,5
DA:57,5
LF:39
LH:39
BRDA:1,0,0,5
BRDA:1,0,1,0
BRF:2
BRH:1
end_of_record
TN:
SF:config\cloudinary.js
FNF:0
FNH:0
DA:1,5
DA:4,5
DA:5,5
DA:6,0
DA:10,5
DA:11,5
DA:12,5
DA:13,5
DA:15,5
DA:21,5
LF:10
LH:9
BRDA:5,0,0,0
BRDA:5,0,1,5
BRF:2
BRH:1
end_of_record
TN:
SF:controllers\CMSController.js
FN:5,(anonymous_0)
FN:14,(anonymous_1)
FN:38,(anonymous_2)
FN:51,(anonymous_3)
FN:87,(anonymous_4)
FN:102,(anonymous_5)
FN:111,(anonymous_6)
FN:129,(anonymous_7)
FN:144,(anonymous_8)
FN:180,(anonymous_9)
FNF:10
FNH:10
FNDA:1,(anonymous_0)
FNDA:2,(anonymous_1)
FNDA:2,(anonymous_2)
FNDA:2,(anonymous_3)
FNDA:1,(anonymous_4)
FNDA:1,(anonymous_5)
FNDA:2,(anonymous_6)
FNDA:2,(anonymous_7)
FNDA:2,(anonymous_8)
FNDA:2,(anonymous_9)
DA:1,5
DA:2,5
DA:6,1
DA:7,1
DA:8,1
DA:10,0
DA:15,2
DA:16,2
DA:19,2
DA:21,2
DA:28,1
DA:31,1
DA:32,0
DA:34,1
DA:39,2
DA:40,2
DA:41,2
DA:42,2
DA:43,1
DA:45,1
DA:47,1
DA:52,2
DA:53,2
DA:54,2
DA:55,2
DA:57,2
DA:58,1
DA:61,1
DA:64,1
DA:65,0
DA:66,1
DA:67,1
DA:70,1
DA:74,1
DA:75,0
DA:77,1
DA:80,1
DA:81,0
DA:83,1
DA:88,1
DA:89,1
DA:91,1
DA:92,1
DA:93,1
DA:94,1
DA:96,0
DA:98,1
DA:103,1
DA:104,1
DA:105,1
DA:107,0
DA:112,2
DA:113,2
DA:116,2
DA:118,2
DA:119,1
DA:122,1
DA:123,0
DA:125,1
DA:130,2
DA:131,2
DA:132,2
DA:135,2
DA:136,1
DA:138,1
DA:140,1
DA:145,2
DA:146,2
DA:147,2
DA:148,2
DA:150,2
DA:151,1
DA:154,1
DA:157,1
DA:158,0
DA:159,1
DA:160,1
DA:163,1
DA:167,1
DA:168,0
DA:170,1
DA:173,1
DA:174,0
DA:176,1
DA:181,2
DA:182,2
DA:183,2
DA:184,2
DA:185,1
DA:187,1
DA:189,1
DA:194,5
LF:92
LH:81
BRDA:19,0,0,0
BRDA:19,0,1,2
BRDA:31,1,0,0
BRDA:31,1,1,1
BRDA:31,2,0,1
BRDA:31,2,1,0
BRDA:42,3,0,1
BRDA:42,3,1,1
BRDA:57,4,0,1
BRDA:57,4,1,1
BRDA:64,5,0,0
BRDA:64,5,1,1
BRDA:66,6,0,1
BRDA:66,6,1,0
BRDA:74,7,0,0
BRDA:74,7,1,1
BRDA:80,8,0,0
BRDA:80,8,1,1
BRDA:80,9,0,1
BRDA:80,9,1,0
BRDA:93,10,0,1
BRDA:93,10,1,0
BRDA:116,11,0,0
BRDA:116,11,1,2
BRDA:122,12,0,0
BRDA:122,12,1,1
BRDA:122,13,0,1
BRDA:122,13,1,0
BRDA:135,14,0,1
BRDA:135,14,1,1
BRDA:150,15,0,1
BRDA:150,15,1,1
BRDA:157,16,0,0
BRDA:157,16,1,1
BRDA:159,17,0,1
BRDA:159,17,1,0
BRDA:167,18,0,0
BRDA:167,18,1,1
BRDA:173,19,0,0
BRDA:173,19,1,1
BRDA:173,20,0,1
BRDA:173,20,1,0
BRDA:184,21,0,1
BRDA:184,21,1,1
BRF:44
BRH:27
end_of_record
TN:
SF:controllers\RestaurantController.js
FN:6,(anonymous_0)
FN:15,(anonymous_1)
FN:38,(anonymous_2)
FN:70,(anonymous_3)
FN:95,(anonymous_4)
FN:111,(anonymous_5)
FN:134,(anonymous_6)
FNF:7
FNH:7
FNDA:2,(anonymous_0)
FNDA:4,(anonymous_1)
FNDA:5,(anonymous_2)
FNDA:3,(anonymous_3)
FNDA:1,(anonymous_4)
FNDA:4,(anonymous_5)
FNDA:2,(anonymous_6)
DA:1,5
DA:2,5
DA:3,5
DA:7,2
DA:8,2
DA:9,2
DA:11,0
DA:16,4
DA:17,4
DA:18,4
DA:28,4
DA:29,2
DA:32,2
DA:34,2
DA:39,5
DA:40,5
DA:41,5
DA:43,5
DA:44,3
DA:47,2
DA:49,2
DA:50,0
DA:53,2
DA:55,2
DA:62,2
DA:65,3
DA:66,3
DA:71,3
DA:72,3
DA:73,3
DA:74,3
DA:76,3
DA:77,1
DA:80,2
DA:81,1
DA:84,1
DA:85,0
DA:88,1
DA:89,1
DA:91,2
DA:96,1
DA:97,1
DA:98,1
DA:105,1
DA:107,0
DA:112,4
DA:113,4
DA:114,4
DA:116,4
DA:117,1
DA:121,3
DA:122,3
DA:123,0
DA:126,3
DA:127,3
DA:129,1
DA:135,2
DA:136,2
DA:137,2
DA:139,2
DA:146,2
DA:147,1
DA:150,1
DA:151,1
DA:153,1
DA:160,5
LF:66
LH:61
BRDA:28,0,0,2
BRDA:28,0,1,2
BRDA:43,1,0,3
BRDA:43,1,1,2
BRDA:43,2,0,5
BRDA:43,2,1,5
BRDA:49,3,0,0
BRDA:49,3,1,2
BRDA:76,4,0,1
BRDA:76,4,1,2
BRDA:80,5,0,1
BRDA:80,5,1,1
BRDA:80,6,0,2
BRDA:80,6,1,2
BRDA:84,7,0,0
BRDA:84,7,1,1
BRDA:114,8,0,4
BRDA:114,8,1,2
BRDA:116,9,0,1
BRDA:116,9,1,3
BRDA:122,10,0,0
BRDA:122,10,1,3
BRDA:146,11,0,1
BRDA:146,11,1,1
BRF:24
BRH:21
end_of_record
TN:
SF:controllers\UserController.js
FN:7,(anonymous_0)
FN:27,(anonymous_1)
FN:72,(anonymous_2)
FNF:3
FNH:3
FNDA:7,(anonymous_0)
FNDA:12,(anonymous_1)
FNDA:2,(anonymous_2)
DA:1,5
DA:2,5
DA:3,5
DA:4,5
DA:9,7
DA:10,7
DA:12,7
DA:16,2
DA:23,5
DA:29,12
DA:30,12
DA:32,12
DA:33,4
DA:36,8
DA:37,1
DA:40,7
DA:42,7
DA:43,1
DA:46,6
DA:48,6
DA:49,1
DA:52,5
DA:58,5
DA:68,7
DA:73,2
DA:74,2
DA:75,2
DA:79,1
DA:83,1
DA:89,0
DA:90,0
DA:94,0
DA:95,0
DA:105,0
DA:111,0
DA:117,2
DA:122,5
LF:37
LH:31
BRDA:13,0,0,7
BRDA:13,0,1,6
BRDA:32,1,0,4
BRDA:32,1,1,8
BRDA:36,2,0,1
BRDA:36,2,1,7
BRDA:42,3,0,1
BRDA:42,3,1,6
BRDA:48,4,0,1
BRDA:48,4,1,5
BRDA:75,5,0,1
BRDA:75,5,1,1
BRDA:111,6,0,0
BRDA:111,6,1,0
BRF:14
BRH:12
end_of_record
TN:
SF:helpers\bcrypt.js
FN:3,(anonymous_0)
FN:8,(anonymous_1)
FNF:2
FNH:2
FNDA:12,(anonymous_0)
FNDA:6,(anonymous_1)
DA:1,5
DA:3,5
DA:4,12
DA:5,12
DA:8,5
DA:9,6
DA:12,5
LF:7
LH:7
BRF:0
BRH:0
end_of_record
TN:
SF:helpers\jwt.js
FN:4,(anonymous_0)
FN:8,(anonymous_1)
FNF:2
FNH:2
FNDA:5,(anonymous_0)
FNDA:30,(anonymous_1)
DA:1,5
DA:2,5
DA:4,5
DA:5,5
DA:8,5
DA:9,30
DA:12,5
LF:7
LH:7
BRF:0
BRH:0
end_of_record
TN:
SF:middleware\adminOnly.js
FN:1,adminOnly
FNF:1
FNH:1
FNDA:19,adminOnly
DA:2,19
DA:4,19
DA:5,2
DA:7,17
DA:9,2
DA:13,5
LF:6
LH:6
BRDA:4,0,0,2
BRDA:4,0,1,17
BRDA:4,1,0,19
BRDA:4,1,1,19
BRF:4
BRH:4
end_of_record
TN:
SF:middleware\authentication.js
FN:4,authentication
FNF:1
FNH:1
FNDA:38,authentication
DA:1,5
DA:2,5
DA:5,38
DA:6,38
DA:8,38
DA:9,8
DA:12,30
DA:13,30
DA:14,30
DA:16,30
DA:17,0
DA:20,30
DA:22,30
DA:23,30
DA:24,0
DA:27,30
DA:29,30
DA:31,8
DA:35,5
LF:19
LH:17
BRDA:8,0,0,8
BRDA:8,0,1,30
BRDA:16,1,0,0
BRDA:16,1,1,30
BRDA:16,2,0,30
BRDA:16,2,1,30
BRDA:23,3,0,0
BRDA:23,3,1,30
BRF:8
BRH:6
end_of_record
TN:
SF:middleware\errorHandler.js
FN:1,(anonymous_0)
FNF:1
FNH:1
FNDA:52,(anonymous_0)
DA:1,6
DA:6,52
DA:7,0
DA:10,52
DA:11,0
DA:14,52
DA:17,9
DA:18,9
DA:20,11
DA:21,11
DA:23,1
DA:24,1
DA:26,1
DA:27,1
DA:29,13
DA:30,13
DA:32,11
DA:33,11
DA:35,3
DA:36,3
DA:38,3
DA:39,3
DA:43,6
LF:23
LH:21
BRDA:6,0,0,0
BRDA:6,0,1,52
BRDA:10,1,0,0
BRDA:10,1,1,52
BRDA:14,2,0,7
BRDA:14,2,1,9
BRDA:14,2,2,11
BRDA:14,2,3,1
BRDA:14,2,4,1
BRDA:14,2,5,13
BRDA:14,2,6,11
BRDA:14,2,7,3
BRDA:14,2,8,3
BRDA:38,3,0,3
BRDA:38,3,1,1
BRF:15
BRH:13
end_of_record
TN:
SF:middleware\reviewChecker.js
FN:3,(anonymous_0)
FNF:1
FNH:1
FNDA:4,(anonymous_0)
DA:1,5
DA:3,5
DA:4,4
DA:5,4
DA:7,4
DA:8,1
DA:12,3
DA:13,0
DA:16,3
DA:17,3
DA:19,3
DA:35,3
DA:36,3
DA:37,3
DA:39,3
DA:40,0
DA:46,3
DA:49,1
DA:50,0
DA:52,1
DA:56,5
LF:21
LH:18
BRDA:7,0,0,1
BRDA:7,0,1,3
BRDA:12,1,0,0
BRDA:12,1,1,3
BRDA:39,2,0,0
BRDA:39,2,1,3
BRDA:49,3,0,0
BRDA:49,3,1,1
BRF:8
BRH:5
end_of_record
TN:
SF:middleware\roleRedirect.js
FN:1,(anonymous_0)
FNF:1
FNH:0
FNDA:0,(anonymous_0)
DA:1,0
DA:2,0
DA:3,0
DA:5,0
DA:6,0
DA:7,0
DA:8,0
DA:10,0
DA:13,0
DA:17,0
LF:10
LH:0
BRDA:5,0,0,0
BRDA:5,0,1,0
BRDA:7,1,0,0
BRDA:7,1,1,0
BRF:4
BRH:0
end_of_record
TN:
SF:middleware\upload.js
FN:6,(anonymous_0)
FN:26,(anonymous_1)
FN:40,(anonymous_2)
FN:54,(anonymous_3)
FNF:4
FNH:1
FNDA:15,(anonymous_0)
FNDA:0,(anonymous_1)
FNDA:0,(anonymous_2)
FNDA:0,(anonymous_3)
DA:1,5
DA:2,5
DA:3,5
DA:6,5
DA:7,15
DA:21,5
DA:27,0
DA:28,0
DA:30,0
DA:35,5
DA:41,0
DA:42,0
DA:44,0
DA:49,5
DA:55,0
DA:56,0
DA:58,0
DA:63,5
LF:18
LH:9
BRDA:27,0,0,0
BRDA:27,0,1,0
BRDA:41,1,0,0
BRDA:41,1,1,0
BRDA:55,2,0,0
BRDA:55,2,1,0
BRF:6
BRH:0
end_of_record
TN:
SF:models\favorite.js
FN:5,(anonymous_0)
FN:12,(anonymous_1)
FNF:2
FNH:2
FNDA:5,(anonymous_0)
FNDA:5,(anonymous_1)
DA:4,5
DA:5,5
DA:13,5
DA:14,5
DA:17,5
DA:38,5
LF:6
LH:6
BRF:0
BRH:0
end_of_record
TN:
SF:models\food.js
FN:5,(anonymous_0)
FN:12,(anonymous_1)
FNF:2
FNH:2
FNDA:5,(anonymous_0)
FNDA:5,(anonymous_1)
DA:4,5
DA:5,5
DA:13,5
DA:14,5
DA:17,5
DA:59,5
LF:6
LH:6
BRF:0
BRH:0
end_of_record
TN:
SF:models\index.js
FN:23,(anonymous_0)
FN:31,(anonymous_1)
FN:36,(anonymous_2)
FNF:3
FNH:3
FNDA:30,(anonymous_0)
FNDA:25,(anonymous_1)
FNDA:25,(anonymous_2)
DA:3,5
DA:4,5
DA:5,5
DA:6,5
DA:7,5
DA:8,5
DA:9,5
DA:10,5
DA:13,5
DA:14,0
DA:15,5
DA:16,5
DA:18,0
DA:21,5
DA:24,30
DA:32,25
DA:33,25
DA:36,5
DA:37,25
DA:38,25
DA:42,5
DA:43,5
DA:45,5
LF:23
LH:21
BRDA:8,0,0,5
BRDA:8,0,1,0
BRDA:13,1,0,0
BRDA:13,1,1,5
BRDA:13,2,0,5
BRDA:13,2,1,5
BRDA:15,3,0,5
BRDA:15,3,1,0
BRDA:25,4,0,30
BRDA:25,4,1,30
BRDA:25,4,2,25
BRDA:25,4,3,25
BRDA:37,5,0,25
BRDA:37,5,1,0
BRF:14
BRH:10
end_of_record
TN:
SF:models\restaurant.js
FN:5,(anonymous_0)
FN:12,(anonymous_1)
FNF:2
FNH:2
FNDA:5,(anonymous_0)
FNDA:5,(anonymous_1)
DA:4,5
DA:5,5
DA:13,5
DA:14,5
DA:17,5
DA:59,5
LF:6
LH:6
BRF:0
BRH:0
end_of_record
TN:
SF:models\restaurantreview.js
FN:5,(anonymous_0)
FN:12,(anonymous_1)
FNF:2
FNH:2
FNDA:5,(anonymous_0)
FNDA:5,(anonymous_1)
DA:4,5
DA:5,5
DA:13,5
DA:14,5
DA:17,5
DA:55,5
LF:6
LH:6
BRF:0
BRH:0
end_of_record
TN:
SF:models\user.js
FN:6,(anonymous_0)
FN:13,(anonymous_1)
FN:59,(anonymous_2)
FNF:3
FNH:3
FNDA:5,(anonymous_0)
FNDA:5,(anonymous_1)
FNDA:12,(anonymous_2)
DA:4,5
DA:5,5
DA:6,5
DA:14,5
DA:15,5
DA:18,5
DA:59,5
DA:60,12
DA:62,5
LF:9
LH:9
BRF:0
BRH:0
end_of_record
