TN:
SF:app.js
FNF:0
FNH:0
DA:1,4
DA:3,4
DA:5,4
DA:6,4
DA:7,4
DA:8,4
DA:9,4
DA:10,4
DA:11,4
DA:12,4
DA:13,4
DA:14,4
DA:16,4
DA:17,4
DA:18,4
DA:20,4
DA:21,4
DA:22,4
DA:25,4
DA:26,4
DA:27,4
DA:28,4
DA:30,4
DA:31,4
DA:32,4
DA:36,4
DA:37,4
DA:38,4
DA:39,4
DA:40,4
DA:43,4
DA:44,4
DA:45,4
DA:46,4
DA:47,4
DA:49,4
DA:51,4
LF:37
LH:37
BRF:0
BRH:0
end_of_record
TN:
SF:controllers\CMSController.js
FN:4,(anonymous_0)
FN:13,(anonymous_1)
FN:29,(anonymous_2)
FN:42,(anonymous_3)
FN:61,(anonymous_4)
FN:76,(anonymous_5)
FN:85,(anonymous_6)
FN:95,(anonymous_7)
FN:110,(anonymous_8)
FN:129,(anonymous_9)
FNF:10
FNH:10
FNDA:1,(anonymous_0)
FNDA:2,(anonymous_1)
FNDA:2,(anonymous_2)
FNDA:2,(anonymous_3)
FNDA:1,(anonymous_4)
FNDA:1,(anonymous_5)
FNDA:2,(anonymous_6)
FNDA:2,(anonymous_7)
FNDA:2,(anonymous_8)
FNDA:2,(anonymous_9)
DA:1,4
DA:5,1
DA:6,1
DA:7,1
DA:9,0
DA:14,2
DA:15,2
DA:16,2
DA:23,1
DA:25,1
DA:30,2
DA:31,2
DA:32,2
DA:33,2
DA:34,1
DA:36,1
DA:38,1
DA:43,2
DA:44,2
DA:45,2
DA:46,2
DA:48,2
DA:52,2
DA:53,1
DA:55,1
DA:57,1
DA:62,1
DA:63,1
DA:65,1
DA:66,1
DA:67,1
DA:68,1
DA:70,0
DA:72,1
DA:77,1
DA:78,1
DA:79,1
DA:81,0
DA:86,2
DA:87,2
DA:88,2
DA:89,1
DA:91,1
DA:96,2
DA:97,2
DA:98,2
DA:101,2
DA:102,1
DA:104,1
DA:106,1
DA:111,2
DA:112,2
DA:113,2
DA:114,2
DA:116,2
DA:120,2
DA:121,1
DA:123,1
DA:125,1
DA:130,2
DA:131,2
DA:132,2
DA:133,2
DA:134,1
DA:136,1
DA:138,1
DA:143,4
LF:67
LH:64
BRDA:33,0,0,1
BRDA:33,0,1,1
BRDA:52,1,0,1
BRDA:52,1,1,1
BRDA:67,2,0,1
BRDA:67,2,1,0
BRDA:101,3,0,1
BRDA:101,3,1,1
BRDA:120,4,0,1
BRDA:120,4,1,1
BRDA:133,5,0,1
BRDA:133,5,1,1
BRF:12
BRH:11
end_of_record
TN:
SF:controllers\RestaurantController.js
FN:6,(anonymous_0)
FN:15,(anonymous_1)
FN:38,(anonymous_2)
FN:74,(anonymous_3)
FN:99,(anonymous_4)
FN:112,(anonymous_5)
FN:125,(anonymous_6)
FNF:7
FNH:4
FNDA:1,(anonymous_0)
FNDA:2,(anonymous_1)
FNDA:3,(anonymous_2)
FNDA:3,(anonymous_3)
FNDA:0,(anonymous_4)
FNDA:0,(anonymous_5)
FNDA:0,(anonymous_6)
DA:1,4
DA:2,4
DA:3,4
DA:7,1
DA:8,1
DA:9,1
DA:11,0
DA:16,2
DA:17,2
DA:18,2
DA:28,2
DA:29,1
DA:32,1
DA:34,1
DA:39,3
DA:40,3
DA:41,3
DA:45,3
DA:46,2
DA:49,1
DA:53,1
DA:54,0
DA:57,1
DA:59,1
DA:66,1
DA:69,2
DA:70,2
DA:75,3
DA:76,3
DA:77,3
DA:78,3
DA:80,3
DA:81,1
DA:84,2
DA:85,1
DA:88,1
DA:89,0
DA:92,1
DA:93,1
DA:95,2
DA:100,0
DA:101,0
DA:102,0
DA:106,0
DA:108,0
DA:113,0
DA:114,0
DA:115,0
DA:117,0
DA:118,0
DA:120,0
DA:126,0
DA:127,0
DA:128,0
DA:130,0
DA:131,0
DA:132,0
DA:135,0
DA:136,0
DA:138,0
DA:145,4
LF:61
LH:38
BRDA:28,0,0,1
BRDA:28,0,1,1
BRDA:45,1,0,2
BRDA:45,1,1,1
BRDA:45,2,0,3
BRDA:45,2,1,3
BRDA:53,3,0,0
BRDA:53,3,1,1
BRDA:80,4,0,1
BRDA:80,4,1,2
BRDA:84,5,0,1
BRDA:84,5,1,1
BRDA:84,6,0,2
BRDA:84,6,1,2
BRDA:88,7,0,0
BRDA:88,7,1,1
BRDA:115,8,0,0
BRDA:115,8,1,0
BRDA:131,9,0,0
BRDA:131,9,1,0
BRF:20
BRH:14
end_of_record
TN:
SF:controllers\UserController.js
FN:7,(anonymous_0)
FN:27,(anonymous_1)
FN:64,(anonymous_2)
FNF:3
FNH:3
FNDA:7,(anonymous_0)
FNDA:11,(anonymous_1)
FNDA:2,(anonymous_2)
DA:1,4
DA:2,4
DA:3,4
DA:4,4
DA:9,7
DA:10,7
DA:12,7
DA:16,2
DA:23,5
DA:29,11
DA:30,11
DA:32,11
DA:33,4
DA:36,7
DA:37,1
DA:40,6
DA:42,6
DA:43,1
DA:46,5
DA:48,5
DA:49,1
DA:52,4
DA:58,4
DA:60,7
DA:65,2
DA:66,2
DA:67,2
DA:71,1
DA:75,1
DA:81,0
DA:82,0
DA:86,0
DA:87,0
DA:97,0
DA:103,0
DA:109,2
DA:114,4
LF:37
LH:31
BRDA:13,0,0,7
BRDA:13,0,1,6
BRDA:32,1,0,4
BRDA:32,1,1,7
BRDA:36,2,0,1
BRDA:36,2,1,6
BRDA:42,3,0,1
BRDA:42,3,1,5
BRDA:48,4,0,1
BRDA:48,4,1,4
BRDA:67,5,0,1
BRDA:67,5,1,1
BRDA:103,6,0,0
BRDA:103,6,1,0
BRF:14
BRH:12
end_of_record
TN:
SF:helpers\bcrypt.js
FN:3,(anonymous_0)
FN:8,(anonymous_1)
FNF:2
FNH:2
FNDA:11,(anonymous_0)
FNDA:5,(anonymous_1)
DA:1,4
DA:3,4
DA:4,11
DA:5,11
DA:8,4
DA:9,5
DA:12,4
LF:7
LH:7
BRF:0
BRH:0
end_of_record
TN:
SF:helpers\jwt.js
FN:4,(anonymous_0)
FN:8,(anonymous_1)
FNF:2
FNH:2
FNDA:4,(anonymous_0)
FNDA:23,(anonymous_1)
DA:1,4
DA:2,4
DA:4,4
DA:5,4
DA:8,4
DA:9,23
DA:12,4
LF:7
LH:7
BRF:0
BRH:0
end_of_record
TN:
SF:middleware\adminOnly.js
FN:1,adminOnly
FNF:1
FNH:1
FNDA:19,adminOnly
DA:2,19
DA:4,19
DA:5,2
DA:7,17
DA:9,2
DA:13,4
LF:6
LH:6
BRDA:4,0,0,2
BRDA:4,0,1,17
BRDA:4,1,0,19
BRDA:4,1,1,19
BRF:4
BRH:4
end_of_record
TN:
SF:middleware\authentication.js
FN:4,authentication
FNF:1
FNH:1
FNDA:28,authentication
DA:1,4
DA:2,4
DA:5,28
DA:6,28
DA:8,28
DA:9,5
DA:12,23
DA:13,23
DA:14,23
DA:16,23
DA:17,0
DA:20,23
DA:22,23
DA:23,23
DA:24,0
DA:27,23
DA:29,23
DA:31,5
DA:35,4
LF:19
LH:17
BRDA:8,0,0,5
BRDA:8,0,1,23
BRDA:16,1,0,0
BRDA:16,1,1,23
BRDA:16,2,0,23
BRDA:16,2,1,23
BRDA:23,3,0,0
BRDA:23,3,1,23
BRF:8
BRH:6
end_of_record
TN:
SF:middleware\errorHandler.js
FN:1,(anonymous_0)
FNF:1
FNH:1
FNDA:45,(anonymous_0)
DA:1,5
DA:5,45
DA:8,9
DA:9,9
DA:11,8
DA:12,8
DA:14,1
DA:15,1
DA:17,1
DA:18,1
DA:20,10
DA:21,10
DA:23,10
DA:24,10
DA:26,3
DA:27,3
DA:29,3
DA:30,3
DA:34,5
LF:19
LH:19
BRDA:5,0,0,7
BRDA:5,0,1,9
BRDA:5,0,2,8
BRDA:5,0,3,1
BRDA:5,0,4,1
BRDA:5,0,5,10
BRDA:5,0,6,10
BRDA:5,0,7,3
BRDA:5,0,8,3
BRDA:29,1,0,3
BRDA:29,1,1,1
BRF:11
BRH:11
end_of_record
TN:
SF:middleware\reviewChecker.js
FN:3,(anonymous_0)
FNF:1
FNH:1
FNDA:4,(anonymous_0)
DA:1,4
DA:3,4
DA:4,4
DA:5,4
DA:7,4
DA:8,1
DA:12,3
DA:13,0
DA:16,3
DA:17,3
DA:19,3
DA:35,3
DA:36,3
DA:37,3
DA:39,3
DA:40,0
DA:46,3
DA:49,1
DA:50,0
DA:52,1
DA:56,4
LF:21
LH:18
BRDA:7,0,0,1
BRDA:7,0,1,3
BRDA:12,1,0,0
BRDA:12,1,1,3
BRDA:39,2,0,0
BRDA:39,2,1,3
BRDA:49,3,0,0
BRDA:49,3,1,1
BRF:8
BRH:5
end_of_record
TN:
SF:middleware\roleRedirect.js
FN:1,(anonymous_0)
FNF:1
FNH:0
FNDA:0,(anonymous_0)
DA:1,0
DA:2,0
DA:3,0
DA:5,0
DA:6,0
DA:7,0
DA:8,0
DA:10,0
DA:13,0
DA:17,0
LF:10
LH:0
BRDA:5,0,0,0
BRDA:5,0,1,0
BRDA:7,1,0,0
BRDA:7,1,1,0
BRF:4
BRH:0
end_of_record
TN:
SF:models\favorite.js
FN:5,(anonymous_0)
FN:12,(anonymous_1)
FNF:2
FNH:2
FNDA:4,(anonymous_0)
FNDA:4,(anonymous_1)
DA:4,4
DA:5,4
DA:13,4
DA:14,4
DA:17,4
DA:38,4
LF:6
LH:6
BRF:0
BRH:0
end_of_record
TN:
SF:models\food.js
FN:5,(anonymous_0)
FN:12,(anonymous_1)
FNF:2
FNH:2
FNDA:4,(anonymous_0)
FNDA:4,(anonymous_1)
DA:4,4
DA:5,4
DA:13,4
DA:14,4
DA:17,4
DA:63,4
LF:6
LH:6
BRF:0
BRH:0
end_of_record
TN:
SF:models\index.js
FN:21,(anonymous_0)
FN:29,(anonymous_1)
FN:34,(anonymous_2)
FNF:3
FNH:3
FNDA:24,(anonymous_0)
FNDA:20,(anonymous_1)
FNDA:20,(anonymous_2)
DA:3,4
DA:4,4
DA:5,4
DA:6,4
DA:7,4
DA:8,4
DA:9,4
DA:10,4
DA:13,4
DA:14,0
DA:16,4
DA:19,4
DA:22,24
DA:30,20
DA:31,20
DA:34,4
DA:35,20
DA:36,20
DA:40,4
DA:41,4
DA:43,4
LF:21
LH:20
BRDA:8,0,0,4
BRDA:8,0,1,0
BRDA:13,1,0,0
BRDA:13,1,1,4
BRDA:23,2,0,24
BRDA:23,2,1,24
BRDA:23,2,2,20
BRDA:23,2,3,20
BRDA:35,3,0,20
BRDA:35,3,1,0
BRF:10
BRH:7
end_of_record
TN:
SF:models\restaurant.js
FN:5,(anonymous_0)
FN:12,(anonymous_1)
FNF:2
FNH:2
FNDA:4,(anonymous_0)
FNDA:4,(anonymous_1)
DA:4,4
DA:5,4
DA:13,4
DA:14,4
DA:15,4
DA:18,4
DA:64,4
LF:7
LH:7
BRF:0
BRH:0
end_of_record
TN:
SF:models\restaurantreview.js
FN:5,(anonymous_0)
FN:12,(anonymous_1)
FNF:2
FNH:2
FNDA:4,(anonymous_0)
FNDA:4,(anonymous_1)
DA:4,4
DA:5,4
DA:13,4
DA:14,4
DA:17,4
DA:55,4
LF:6
LH:6
BRF:0
BRH:0
end_of_record
TN:
SF:models\user.js
FN:6,(anonymous_0)
FN:13,(anonymous_1)
FN:59,(anonymous_2)
FNF:3
FNH:3
FNDA:4,(anonymous_0)
FNDA:4,(anonymous_1)
FNDA:11,(anonymous_2)
DA:4,4
DA:5,4
DA:6,4
DA:14,4
DA:15,4
DA:18,4
DA:59,4
DA:60,11
DA:62,4
LF:9
LH:9
BRF:0
BRH:0
end_of_record
